Base path: 'C:/Program Files/Unity/Hub/Editor/2021.3.19f1/Editor/Data', plugins path 'C:/Program Files/Unity/Hub/Editor/2021.3.19f1/Editor/Data/PlaybackEngines'
Cmd: initializeCompiler

Cmd: preprocess
 insize=1337914 file=/ surfaceOnly=0 cachingPP=1 buildPlatform=19 validAPIs=295472 pKW=SHADER_API_DESKTOP dKW=UNITY_NO_DXT5nm UNITY_ENABLE_REFLECTION_BUFFERS UNITY_FRAMEBUFFER_FETCH_AVAILABLE UNITY_ENABLE_NATIVE_SHADOW_LOOKUPS UNITY_METAL_SHADOWS_USE_POINT_FILTERING UNITY_NO_SCREENSPACE_SHADOWS UNITY_USE_DITHER_MASK_FOR_ALPHABLENDED_SHADOWS UNITY_PBS_USE_BRDF1 UNITY_PBS_USE_BRDF2 UNITY_PBS_USE_BRDF3 UNITY_NO_FULL_STANDARD_SHADER UNITY_SPECCUBE_BOX_PROJECTION UNITY_SPECCUBE_BLENDING UNITY_ENABLE_DETAIL_NORMALMAP UNITY_HARDWARE_TIER1 UNITY_HARDWARE_TIER2 UNITY_HARDWARE_TIER3 UNITY_COLORSPACE_GAMMA UNITY_LIGHT_PROBE_PROXY_VOLUME UNITY_HALF_PRECISION_FRAGMENT_SHADER_REGISTERS UNITY_LIGHTMAP_DLDR_ENCODING UNITY_LIGHTMAP_RGBM_ENCODING UNITY_LIGHTMAP_FULL_HDR UNITY_VIRTUAL_TEXTURING UNITY_PRETRANSFORM_TO_DISPLAY_ORIENTATION UNITY_ASTC_NORMALMAP_ENCODING SHADER_API_GLES30 UNITY_UNIFIED_SHADER_PRECISION_MODEL  error: 1 plat 25 at (-1): Ignoring duplicate keyword line 'multi_compile_instancing __ INSTANCING_ON PROCEDURAL_INSTANCING_ON'
 ok=1 outsize=8352

Cmd: preprocess
 insize=1337837 file=/ surfaceOnly=0 cachingPP=1 buildPlatform=19 validAPIs=295472 pKW=SHADER_API_DESKTOP dKW=UNITY_NO_DXT5nm UNITY_ENABLE_REFLECTION_BUFFERS UNITY_FRAMEBUFFER_FETCH_AVAILABLE UNITY_ENABLE_NATIVE_SHADOW_LOOKUPS UNITY_METAL_SHADOWS_USE_POINT_FILTERING UNITY_NO_SCREENSPACE_SHADOWS UNITY_USE_DITHER_MASK_FOR_ALPHABLENDED_SHADOWS UNITY_PBS_USE_BRDF1 UNITY_PBS_USE_BRDF2 UNITY_PBS_USE_BRDF3 UNITY_NO_FULL_STANDARD_SHADER UNITY_SPECCUBE_BOX_PROJECTION UNITY_SPECCUBE_BLENDING UNITY_ENABLE_DETAIL_NORMALMAP UNITY_HARDWARE_TIER1 UNITY_HARDWARE_TIER2 UNITY_HARDWARE_TIER3 UNITY_COLORSPACE_GAMMA UNITY_LIGHT_PROBE_PROXY_VOLUME UNITY_HALF_PRECISION_FRAGMENT_SHADER_REGISTERS UNITY_LIGHTMAP_DLDR_ENCODING UNITY_LIGHTMAP_RGBM_ENCODING UNITY_LIGHTMAP_FULL_HDR UNITY_VIRTUAL_TEXTURING UNITY_PRETRANSFORM_TO_DISPLAY_ORIENTATION UNITY_ASTC_NORMALMAP_ENCODING SHADER_API_GLES30 UNITY_UNIFIED_SHADER_PRECISION_MODEL  error: 1 plat 25 at (-1): Ignoring duplicate keyword line 'multi_compile_instancing __ INSTANCING_ON PROCEDURAL_INSTANCING_ON'
 ok=1 outsize=8276

Cmd: preprocess
 insize=1342631 file=/ surfaceOnly=0 cachingPP=1 buildPlatform=19 validAPIs=295472 pKW=SHADER_API_DESKTOP dKW=UNITY_NO_DXT5nm UNITY_ENABLE_REFLECTION_BUFFERS UNITY_FRAMEBUFFER_FETCH_AVAILABLE UNITY_ENABLE_NATIVE_SHADOW_LOOKUPS UNITY_METAL_SHADOWS_USE_POINT_FILTERING UNITY_NO_SCREENSPACE_SHADOWS UNITY_USE_DITHER_MASK_FOR_ALPHABLENDED_SHADOWS UNITY_PBS_USE_BRDF1 UNITY_PBS_USE_BRDF2 UNITY_PBS_USE_BRDF3 UNITY_NO_FULL_STANDARD_SHADER UNITY_SPECCUBE_BOX_PROJECTION UNITY_SPECCUBE_BLENDING UNITY_ENABLE_DETAIL_NORMALMAP UNITY_HARDWARE_TIER1 UNITY_HARDWARE_TIER2 UNITY_HARDWARE_TIER3 UNITY_COLORSPACE_GAMMA UNITY_LIGHT_PROBE_PROXY_VOLUME UNITY_HALF_PRECISION_FRAGMENT_SHADER_REGISTERS UNITY_LIGHTMAP_DLDR_ENCODING UNITY_LIGHTMAP_RGBM_ENCODING UNITY_LIGHTMAP_FULL_HDR UNITY_VIRTUAL_TEXTURING UNITY_PRETRANSFORM_TO_DISPLAY_ORIENTATION UNITY_ASTC_NORMALMAP_ENCODING SHADER_API_GLES30 UNITY_UNIFIED_SHADER_PRECISION_MODEL  error: 1 plat 25 at (-1): Ignoring duplicate keyword line 'multi_compile_instancing __ INSTANCING_ON PROCEDURAL_INSTANCING_ON'
 ok=1 outsize=8309

Cmd: preprocess
 insize=1188300 file=/ surfaceOnly=0 cachingPP=1 buildPlatform=19 validAPIs=295472 pKW=SHADER_API_DESKTOP dKW=UNITY_NO_DXT5nm UNITY_ENABLE_REFLECTION_BUFFERS UNITY_FRAMEBUFFER_FETCH_AVAILABLE UNITY_ENABLE_NATIVE_SHADOW_LOOKUPS UNITY_METAL_SHADOWS_USE_POINT_FILTERING UNITY_NO_SCREENSPACE_SHADOWS UNITY_USE_DITHER_MASK_FOR_ALPHABLENDED_SHADOWS UNITY_PBS_USE_BRDF1 UNITY_PBS_USE_BRDF2 UNITY_PBS_USE_BRDF3 UNITY_NO_FULL_STANDARD_SHADER UNITY_SPECCUBE_BOX_PROJECTION UNITY_SPECCUBE_BLENDING UNITY_ENABLE_DETAIL_NORMALMAP UNITY_HARDWARE_TIER1 UNITY_HARDWARE_TIER2 UNITY_HARDWARE_TIER3 UNITY_COLORSPACE_GAMMA UNITY_LIGHT_PROBE_PROXY_VOLUME UNITY_HALF_PRECISION_FRAGMENT_SHADER_REGISTERS UNITY_LIGHTMAP_DLDR_ENCODING UNITY_LIGHTMAP_RGBM_ENCODING UNITY_LIGHTMAP_FULL_HDR UNITY_VIRTUAL_TEXTURING UNITY_PRETRANSFORM_TO_DISPLAY_ORIENTATION UNITY_ASTC_NORMALMAP_ENCODING SHADER_API_GLES30 UNITY_UNIFIED_SHADER_PRECISION_MODEL  error: 1 plat 25 at (-1): Ignoring duplicate keyword line 'multi_compile_instancing __ INSTANCING_ON PROCEDURAL_INSTANCING_ON'
 ok=1 outsize=7003

Cmd: preprocess
 insize=1331541 file=/ surfaceOnly=0 cachingPP=1 buildPlatform=19 validAPIs=295472 pKW=SHADER_API_DESKTOP dKW=UNITY_NO_DXT5nm UNITY_ENABLE_REFLECTION_BUFFERS UNITY_FRAMEBUFFER_FETCH_AVAILABLE UNITY_ENABLE_NATIVE_SHADOW_LOOKUPS UNITY_METAL_SHADOWS_USE_POINT_FILTERING UNITY_NO_SCREENSPACE_SHADOWS UNITY_USE_DITHER_MASK_FOR_ALPHABLENDED_SHADOWS UNITY_PBS_USE_BRDF1 UNITY_PBS_USE_BRDF2 UNITY_PBS_USE_BRDF3 UNITY_NO_FULL_STANDARD_SHADER UNITY_SPECCUBE_BOX_PROJECTION UNITY_SPECCUBE_BLENDING UNITY_ENABLE_DETAIL_NORMALMAP UNITY_HARDWARE_TIER1 UNITY_HARDWARE_TIER2 UNITY_HARDWARE_TIER3 UNITY_COLORSPACE_GAMMA UNITY_LIGHT_PROBE_PROXY_VOLUME UNITY_HALF_PRECISION_FRAGMENT_SHADER_REGISTERS UNITY_LIGHTMAP_DLDR_ENCODING UNITY_LIGHTMAP_RGBM_ENCODING UNITY_LIGHTMAP_FULL_HDR UNITY_VIRTUAL_TEXTURING UNITY_PRETRANSFORM_TO_DISPLAY_ORIENTATION UNITY_ASTC_NORMALMAP_ENCODING SHADER_API_GLES30 UNITY_UNIFIED_SHADER_PRECISION_MODEL  error: 1 plat 25 at (-1): Ignoring duplicate keyword line 'multi_compile_instancing __ INSTANCING_ON PROCEDURAL_INSTANCING_ON'
 ok=1 outsize=8147


Cmd: preprocess
 insize=1188300 file=/ surfaceOnly=0 cachingPP=1 buildPlatform=19 validAPIs=295472 pKW=SHADER_API_DESKTOP dKW=UNITY_NO_DXT5nm UNITY_ENABLE_REFLECTION_BUFFERS UNITY_FRAMEBUFFER_FETCH_AVAILABLE UNITY_ENABLE_NATIVE_SHADOW_LOOKUPS UNITY_METAL_SHADOWS_USE_POINT_FILTERING UNITY_NO_SCREENSPACE_SHADOWS UNITY_USE_DITHER_MASK_FOR_ALPHABLENDED_SHADOWS UNITY_PBS_USE_BRDF1 UNITY_PBS_USE_BRDF2 UNITY_PBS_USE_BRDF3 UNITY_NO_FULL_STANDARD_SHADER UNITY_SPECCUBE_BOX_PROJECTION UNITY_SPECCUBE_BLENDING UNITY_ENABLE_DETAIL_NORMALMAP UNITY_HARDWARE_TIER1 UNITY_HARDWARE_TIER2 UNITY_HARDWARE_TIER3 UNITY_COLORSPACE_GAMMA UNITY_LIGHT_PROBE_PROXY_VOLUME UNITY_HALF_PRECISION_FRAGMENT_SHADER_REGISTERS UNITY_LIGHTMAP_DLDR_ENCODING UNITY_LIGHTMAP_RGBM_ENCODING UNITY_LIGHTMAP_FULL_HDR UNITY_VIRTUAL_TEXTURING UNITY_PRETRANSFORM_TO_DISPLAY_ORIENTATION UNITY_ASTC_NORMALMAP_ENCODING SHADER_API_GLES30 UNITY_UNIFIED_SHADER_PRECISION_MODEL  error: 1 plat 25 at (-1): Ignoring duplicate keyword line 'multi_compile_instancing __ INSTANCING_ON PROCEDURAL_INSTANCING_ON'
  error: 2 plat 25 at (2953): Couldn't open include file 'Assets/Visual Design Cafe/Nature Renderer/Shader Includes/Nature Renderer.templatex'.
  error: 2 plat 25 at (6358): Couldn't open include file 'Assets/Visual Design Cafe/Nature Renderer/Shader Includes/Nature Renderer.templatex'.
  error: 2 plat 25 at (9710): Couldn't open include file 'Assets/Visual Design Cafe/Nature Renderer/Shader Includes/Nature Renderer.templatex'.
  error: 2 plat 25 at (12875): Couldn't open include file 'Assets/Visual Design Cafe/Nature Renderer/Shader Includes/Nature Renderer.templatex'.
  error: 2 plat 25 at (16249): Couldn't open include file 'Assets/Visual Design Cafe/Nature Renderer/Shader Includes/Nature Renderer.templatex'.
  error: 2 plat 25 at (19552): Couldn't open include file 'Assets/Visual Design Cafe/Nature Renderer/Shader Includes/Nature Renderer.templatex'.
 ok=0 outsize=7003

Cmd: preprocess
 insize=1331541 file=/ surfaceOnly=0 cachingPP=1 buildPlatform=19 validAPIs=295472 pKW=SHADER_API_DESKTOP dKW=UNITY_NO_DXT5nm UNITY_ENABLE_REFLECTION_BUFFERS UNITY_FRAMEBUFFER_FETCH_AVAILABLE UNITY_ENABLE_NATIVE_SHADOW_LOOKUPS UNITY_METAL_SHADOWS_USE_POINT_FILTERING UNITY_NO_SCREENSPACE_SHADOWS UNITY_USE_DITHER_MASK_FOR_ALPHABLENDED_SHADOWS UNITY_PBS_USE_BRDF1 UNITY_PBS_USE_BRDF2 UNITY_PBS_USE_BRDF3 UNITY_NO_FULL_STANDARD_SHADER UNITY_SPECCUBE_BOX_PROJECTION UNITY_SPECCUBE_BLENDING UNITY_ENABLE_DETAIL_NORMALMAP UNITY_HARDWARE_TIER1 UNITY_HARDWARE_TIER2 UNITY_HARDWARE_TIER3 UNITY_COLORSPACE_GAMMA UNITY_LIGHT_PROBE_PROXY_VOLUME UNITY_HALF_PRECISION_FRAGMENT_SHADER_REGISTERS UNITY_LIGHTMAP_DLDR_ENCODING UNITY_LIGHTMAP_RGBM_ENCODING UNITY_LIGHTMAP_FULL_HDR UNITY_VIRTUAL_TEXTURING UNITY_PRETRANSFORM_TO_DISPLAY_ORIENTATION UNITY_ASTC_NORMALMAP_ENCODING SHADER_API_GLES30 UNITY_UNIFIED_SHADER_PRECISION_MODEL  error: 1 plat 25 at (-1): Ignoring duplicate keyword line 'multi_compile_instancing __ INSTANCING_ON PROCEDURAL_INSTANCING_ON'
  error: 2 plat 25 at (3505): Couldn't open include file 'Assets/Visual Design Cafe/Nature Renderer/Shader Includes/Nature Renderer.templatex'.
  error: 2 plat 25 at (7468): Couldn't open include file 'Assets/Visual Design Cafe/Nature Renderer/Shader Includes/Nature Renderer.templatex'.
  error: 2 plat 25 at (11378): Couldn't open include file 'Assets/Visual Design Cafe/Nature Renderer/Shader Includes/Nature Renderer.templatex'.
  error: 2 plat 25 at (15090): Couldn't open include file 'Assets/Visual Design Cafe/Nature Renderer/Shader Includes/Nature Renderer.templatex'.
  error: 2 plat 25 at (19022): Couldn't open include file 'Assets/Visual Design Cafe/Nature Renderer/Shader Includes/Nature Renderer.templatex'.
  error: 2 plat 25 at (22883): Couldn't open include file 'Assets/Visual Design Cafe/Nature Renderer/Shader Includes/Nature Renderer.templatex'.
 ok=0 outsize=8147

Cmd: preprocess
 insize=1342631 file=/ surfaceOnly=0 cachingPP=1 buildPlatform=19 validAPIs=295472 pKW=SHADER_API_DESKTOP dKW=UNITY_NO_DXT5nm UNITY_ENABLE_REFLECTION_BUFFERS UNITY_FRAMEBUFFER_FETCH_AVAILABLE UNITY_ENABLE_NATIVE_SHADOW_LOOKUPS UNITY_METAL_SHADOWS_USE_POINT_FILTERING UNITY_NO_SCREENSPACE_SHADOWS UNITY_USE_DITHER_MASK_FOR_ALPHABLENDED_SHADOWS UNITY_PBS_USE_BRDF1 UNITY_PBS_USE_BRDF2 UNITY_PBS_USE_BRDF3 UNITY_NO_FULL_STANDARD_SHADER UNITY_SPECCUBE_BOX_PROJECTION UNITY_SPECCUBE_BLENDING UNITY_ENABLE_DETAIL_NORMALMAP UNITY_HARDWARE_TIER1 UNITY_HARDWARE_TIER2 UNITY_HARDWARE_TIER3 UNITY_COLORSPACE_GAMMA UNITY_LIGHT_PROBE_PROXY_VOLUME UNITY_HALF_PRECISION_FRAGMENT_SHADER_REGISTERS UNITY_LIGHTMAP_DLDR_ENCODING UNITY_LIGHTMAP_RGBM_ENCODING UNITY_LIGHTMAP_FULL_HDR UNITY_VIRTUAL_TEXTURING UNITY_PRETRANSFORM_TO_DISPLAY_ORIENTATION UNITY_ASTC_NORMALMAP_ENCODING SHADER_API_GLES30 UNITY_UNIFIED_SHADER_PRECISION_MODEL  error: 1 plat 25 at (-1): Ignoring duplicate keyword line 'multi_compile_instancing __ INSTANCING_ON PROCEDURAL_INSTANCING_ON'
  error: 2 plat 25 at (3529): Couldn't open include file 'Assets/Visual Design Cafe/Nature Renderer/Shader Includes/Nature Renderer.templatex'.
  error: 2 plat 25 at (7508): Couldn't open include file 'Assets/Visual Design Cafe/Nature Renderer/Shader Includes/Nature Renderer.templatex'.
  error: 2 plat 25 at (11465): Couldn't open include file 'Assets/Visual Design Cafe/Nature Renderer/Shader Includes/Nature Renderer.templatex'.
  error: 2 plat 25 at (15188): Couldn't open include file 'Assets/Visual Design Cafe/Nature Renderer/Shader Includes/Nature Renderer.templatex'.
  error: 2 plat 25 at (19163): Couldn't open include file 'Assets/Visual Design Cafe/Nature Renderer/Shader Includes/Nature Renderer.templatex'.
  error: 2 plat 25 at (23065): Couldn't open include file 'Assets/Visual Design Cafe/Nature Renderer/Shader Includes/Nature Renderer.templatex'.
 ok=0 outsize=8309

Cmd: preprocess
 insize=1337914 file=/ surfaceOnly=0 cachingPP=1 buildPlatform=19 validAPIs=295472 pKW=SHADER_API_DESKTOP dKW=UNITY_NO_DXT5nm UNITY_ENABLE_REFLECTION_BUFFERS UNITY_FRAMEBUFFER_FETCH_AVAILABLE UNITY_ENABLE_NATIVE_SHADOW_LOOKUPS UNITY_METAL_SHADOWS_USE_POINT_FILTERING UNITY_NO_SCREENSPACE_SHADOWS UNITY_USE_DITHER_MASK_FOR_ALPHABLENDED_SHADOWS UNITY_PBS_USE_BRDF1 UNITY_PBS_USE_BRDF2 UNITY_PBS_USE_BRDF3 UNITY_NO_FULL_STANDARD_SHADER UNITY_SPECCUBE_BOX_PROJECTION UNITY_SPECCUBE_BLENDING UNITY_ENABLE_DETAIL_NORMALMAP UNITY_HARDWARE_TIER1 UNITY_HARDWARE_TIER2 UNITY_HARDWARE_TIER3 UNITY_COLORSPACE_GAMMA UNITY_LIGHT_PROBE_PROXY_VOLUME UNITY_HALF_PRECISION_FRAGMENT_SHADER_REGISTERS UNITY_LIGHTMAP_DLDR_ENCODING UNITY_LIGHTMAP_RGBM_ENCODING UNITY_LIGHTMAP_FULL_HDR UNITY_VIRTUAL_TEXTURING UNITY_PRETRANSFORM_TO_DISPLAY_ORIENTATION UNITY_ASTC_NORMALMAP_ENCODING SHADER_API_GLES30 UNITY_UNIFIED_SHADER_PRECISION_MODEL  error: 1 plat 25 at (-1): Ignoring duplicate keyword line 'multi_compile_instancing __ INSTANCING_ON PROCEDURAL_INSTANCING_ON'
  error: 2 plat 25 at (3531): Couldn't open include file 'Assets/Visual Design Cafe/Nature Renderer/Shader Includes/Nature Renderer.templatex'.
  error: 2 plat 25 at (7521): Couldn't open include file 'Assets/Visual Design Cafe/Nature Renderer/Shader Includes/Nature Renderer.templatex'.
  error: 2 plat 25 at (11458): Couldn't open include file 'Assets/Visual Design Cafe/Nature Renderer/Shader Includes/Nature Renderer.templatex'.
  error: 2 plat 25 at (15197): Couldn't open include file 'Assets/Visual Design Cafe/Nature Renderer/Shader Includes/Nature Renderer.templatex'.
  error: 2 plat 25 at (19156): Couldn't open include file 'Assets/Visual Design Cafe/Nature Renderer/Shader Includes/Nature Renderer.templatex'.
  error: 2 plat 25 at (23044): Couldn't open include file 'Assets/Visual Design Cafe/Nature Renderer/Shader Includes/Nature Renderer.templatex'.
 ok=0 outsize=8352

Cmd: preprocess
 insize=1337837 file=/ surfaceOnly=0 cachingPP=1 buildPlatform=19 validAPIs=295472 pKW=SHADER_API_DESKTOP dKW=UNITY_NO_DXT5nm UNITY_ENABLE_REFLECTION_BUFFERS UNITY_FRAMEBUFFER_FETCH_AVAILABLE UNITY_ENABLE_NATIVE_SHADOW_LOOKUPS UNITY_METAL_SHADOWS_USE_POINT_FILTERING UNITY_NO_SCREENSPACE_SHADOWS UNITY_USE_DITHER_MASK_FOR_ALPHABLENDED_SHADOWS UNITY_PBS_USE_BRDF1 UNITY_PBS_USE_BRDF2 UNITY_PBS_USE_BRDF3 UNITY_NO_FULL_STANDARD_SHADER UNITY_SPECCUBE_BOX_PROJECTION UNITY_SPECCUBE_BLENDING UNITY_ENABLE_DETAIL_NORMALMAP UNITY_HARDWARE_TIER1 UNITY_HARDWARE_TIER2 UNITY_HARDWARE_TIER3 UNITY_COLORSPACE_GAMMA UNITY_LIGHT_PROBE_PROXY_VOLUME UNITY_HALF_PRECISION_FRAGMENT_SHADER_REGISTERS UNITY_LIGHTMAP_DLDR_ENCODING UNITY_LIGHTMAP_RGBM_ENCODING UNITY_LIGHTMAP_FULL_HDR UNITY_VIRTUAL_TEXTURING UNITY_PRETRANSFORM_TO_DISPLAY_ORIENTATION UNITY_ASTC_NORMALMAP_ENCODING SHADER_API_GLES30 UNITY_UNIFIED_SHADER_PRECISION_MODEL  error: 1 plat 25 at (-1): Ignoring duplicate keyword line 'multi_compile_instancing __ INSTANCING_ON PROCEDURAL_INSTANCING_ON'
  error: 2 plat 25 at (3530): Couldn't open include file 'Assets/Visual Design Cafe/Nature Renderer/Shader Includes/Nature Renderer.templatex'.
  error: 2 plat 25 at (7520): Couldn't open include file 'Assets/Visual Design Cafe/Nature Renderer/Shader Includes/Nature Renderer.templatex'.
  error: 2 plat 25 at (11457): Couldn't open include file 'Assets/Visual Design Cafe/Nature Renderer/Shader Includes/Nature Renderer.templatex'.
  error: 2 plat 25 at (15196): Couldn't open include file 'Assets/Visual Design Cafe/Nature Renderer/Shader Includes/Nature Renderer.templatex'.
  error: 2 plat 25 at (19155): Couldn't open include file 'Assets/Visual Design Cafe/Nature Renderer/Shader Includes/Nature Renderer.templatex'.
  error: 2 plat 25 at (23043): Couldn't open include file 'Assets/Visual Design Cafe/Nature Renderer/Shader Includes/Nature Renderer.templatex'.
 ok=0 outsize=8276

Cmd: shutdown
